[    0.000000] Linux version 4.15.0-212-generic (buildd@lcy02-amd64-083) (gcc version 7.5.0 (Ubuntu 7.5.0-3ubuntu1~18.04)) #223-Ubuntu SMP Tue May 23 13:09:22 UTC 2023 (Ubuntu 4.15.0-212.223-generic 4.15.18)
[    0.000000] Command line: BOOT_IMAGE=/boot/vmlinuz-4.15.0-212-generic root=LABEL=cloudimg-rootfs ro console=tty1 console=ttyS0
[    0.000000] KERNEL supported cpus:
[    0.000000]   Intel GenuineIntel
[    0.000000]   AMD AuthenticAMD
[    0.000000]   Centaur CentaurHauls
[    0.000000] x86/fpu: Supporting XSAVE feature 0x001: 'x87 floating point registers'
[    0.000000] x86/fpu: Supporting XSAVE feature 0x002: 'SSE registers'
[    0.000000] x86/fpu: Supporting XSAVE feature 0x004: 'AVX registers'
[    0.000000] x86/fpu: xstate_offset[2]:  576, xstate_sizes[2]:  256
[    0.000000] x86/fpu: Enabled xstate features 0x7, context size is 832 bytes, using 'standard' format.
[    0.000000] e820: BIOS-provided physical RAM map:
[    0.000000] BIOS-e820: [mem 0x0000000000000000-0x000000000009fbff] usable
[    0.000000] BIOS-e820: [mem 0x000000000009fc00-0x000000000009ffff] reserved
[    0.000000] BIOS-e820: [mem 0x00000000000f0000-0x00000000000fffff] reserved
[    0.000000] BIOS-e820: [mem 0x0000000000100000-0x000000001ffeffff] usable
[    0.000000] BIOS-e820: [mem 0x000000001fff0000-0x000000001fffffff] ACPI data
[    0.000000] BIOS-e820: [mem 0x00000000fec00000-0x00000000fec00fff] reserved
[    0.000000] BIOS-e820: [mem 0x00000000fee00000-0x00000000fee00fff] reserved
[    0.000000] BIOS-e820: [mem 0x00000000fffc0000-0x00000000ffffffff] reserved
[    0.000000] NX (Execute Disable) protection: active
[    0.000000] SMBIOS 2.5 present.
[    0.000000] DMI: innotek GmbH VirtualBox/VirtualBox, BIOS VirtualBox 12/01/2006
[    0.000000] Hypervisor detected: KVM
[    0.000000] e820: last_pfn = 0x1fff0 max_arch_pfn = 0x400000000
[    0.000000] x86/PAT: Configuration [0-7]: WB  WC  UC- UC  WB  WP  UC- WT  
[    0.000000] found SMP MP-table at [mem 0x0009fbf0-0x0009fbff]
[    0.000000] Scanning 1 areas for low memory corruption
[    0.000000] RAMDISK: [mem 0x1db01000-0x1ee12fff]
[    0.000000] ACPI: Early table checksum verification disabled
[    0.000000] ACPI: RSDP 0x00000000000E0000 000024 (v02 VBOX  )
[    0.000000] ACPI: XSDT 0x000000001FFF0030 00003C (v01 VBOX   VBOXXSDT 00000001 ASL  00000061)
[    0.000000] ACPI: FACP 0x000000001FFF00F0 0000F4 (v04 VBOX   VBOXFACP 00000001 ASL  00000061)
[    0.000000] ACPI: DSDT 0x000000001FFF0610 002353 (v02 VBOX   VBOXBIOS 00000002 INTL 20100528)
[    0.000000] ACPI: FACS 0x000000001FFF0200 000040
[    0.000000] ACPI: FACS 0x000000001FFF0200 000040
[    0.000000] ACPI: APIC 0x000000001FFF0240 000054 (v02 VBOX   VBOXAPIC 00000001 ASL  00000061)
[    0.000000] ACPI: SSDT 0x000000001FFF02A0 00036C (v01 VBOX   VBOXCPUT 00000002 INTL 20100528)
[    0.000000] ACPI: Reserving FACP table memory at [mem 0x1fff00f0-0x1fff01e3]
[    0.000000] ACPI: Reserving DSDT table memory at [mem 0x1fff0610-0x1fff2962]
[    0.000000] ACPI: Reserving FACS table memory at [mem 0x1fff0200-0x1fff023f]
[    0.000000] ACPI: Reserving FACS table memory at [mem 0x1fff0200-0x1fff023f]
[    0.000000] ACPI: Reserving APIC table memory at [mem 0x1fff0240-0x1fff0293]
[    0.000000] ACPI: Reserving SSDT table memory at [mem 0x1fff02a0-0x1fff060b]
[    0.000000] No NUMA configuration found
[    0.000000] Faking a node at [mem 0x0000000000000000-0x000000001ffeffff]
[    0.000000] NODE_DATA(0) allocated [mem 0x1ffc5000-0x1ffeffff]
[    0.000000] kvm-clock: cpu 0, msr 0:1ff44001, primary cpu clock
[    0.000000] kvm-clock: Using msrs 4b564d01 and 4b564d00
[    0.000000] kvm-clock: using sched offset of 3638250833 cycles
[    0.000000] clocksource: kvm-clock: mask: 0xffffffffffffffff max_cycles: 0x1cd42e4dffb, max_idle_ns: 881590591483 ns
[    0.000000] Zone ranges:
[    0.000000]   DMA      [mem 0x0000000000001000-0x0000000000ffffff]
[    0.000000]   DMA32    [mem 0x0000000001000000-0x000000001ffeffff]
[    0.000000]   Normal   empty
[    0.000000]   Device   empty
[    0.000000] Movable zone start for each node
[    0.000000] Early memory node ranges
[    0.000000]   node   0: [mem 0x0000000000001000-0x000000000009efff]
[    0.000000]   node   0: [mem 0x0000000000100000-0x000000001ffeffff]
[    0.000000] Reserved but unavailable: 104 pages
[    0.000000] Initmem setup node 0 [mem 0x0000000000001000-0x000000001ffeffff]
[    0.000000] ACPI: PM-Timer IO Port: 0x4008
[    0.000000] IOAPIC[0]: apic_id 1, version 32, address 0xfec00000, GSI 0-23
[    0.000000] ACPI: INT_SRC_OVR (bus 0 bus_irq 0 global_irq 2 dfl dfl)
[    0.000000] ACPI: INT_SRC_OVR (bus 0 bus_irq 9 global_irq 9 low level)
[    0.000000] Using ACPI (MADT) for SMP configuration information
[    0.000000] smpboot: Allowing 1 CPUs, 0 hotplug CPUs
[    0.000000] PM: Registered nosave memory: [mem 0x00000000-0x00000fff]
[    0.000000] PM: Registered nosave memory: [mem 0x0009f000-0x0009ffff]
[    0.000000] PM: Registered nosave memory: [mem 0x000a0000-0x000effff]
[    0.000000] PM: Registered nosave memory: [mem 0x000f0000-0x000fffff]
[    0.000000] e820: [mem 0x20000000-0xfebfffff] available for PCI devices
[    0.000000] Booting paravirtualized kernel on KVM
[    0.000000] clocksource: refined-jiffies: mask: 0xffffffff max_cycles: 0xffffffff, max_idle_ns: 7645519600211568 ns
[    0.000000] setup_percpu: NR_CPUS:8192 nr_cpumask_bits:1 nr_cpu_ids:1 nr_node_ids:1
[    0.000000] percpu: Embedded 50 pages/cpu s167936 r8192 d28672 u2097152
[    0.000000] PV qspinlock hash table entries: 256 (order: 0, 4096 bytes)
[    0.000000] Built 1 zonelists, mobility grouping on.  Total pages: 128889
[    0.000000] Policy zone: DMA32
[    0.000000] Kernel command line: BOOT_IMAGE=/boot/vmlinuz-4.15.0-212-generic root=LABEL=cloudimg-rootfs ro console=tty1 console=ttyS0
[    0.000000] Memory: 466748K/523832K available (12300K kernel code, 2477K rwdata, 4324K rodata, 2480K init, 2720K bss, 57084K reserved, 0K cma-reserved)
[    0.000000] SLUB: HWalign=64, Order=0-3, MinObjects=0, CPUs=1, Nodes=1
[    0.000000] Kernel/User page tables isolation: enabled
[    0.000000] ftrace: allocating 39508 entries in 155 pages
[    0.004000] Hierarchical RCU implementation.
[    0.004000] 	RCU restricting CPUs from NR_CPUS=8192 to nr_cpu_ids=1.
[    0.004000] 	Tasks RCU enabled.
[    0.004000] RCU: Adjusting geometry for rcu_fanout_leaf=16, nr_cpu_ids=1
[    0.004000] NR_IRQS: 524544, nr_irqs: 256, preallocated irqs: 16
[    0.004000] random: crng init done
[    0.004000] Console: colour VGA+ 80x25
[    0.004000] console [tty1] enabled
[    0.004000] console [ttyS0] enabled
[    0.004000] ACPI: Core revision 20170831
[    0.004000] ACPI: 2 ACPI AML tables successfully acquired and loaded
[    0.004000] APIC: Switch to symmetric I/O mode setup
[    0.004000] x2apic enabled
[    0.004000] Switched APIC routing to physical x2apic.
[    0.004000] ..TIMER: vector=0x30 apic1=0 pin1=2 apic2=-1 pin2=-1
[    0.004006] tsc: Detected 2687.998 MHz processor
[    0.004682] Calibrating delay loop (skipped) preset value.. 5375.99 BogoMIPS (lpj=10751992)
[    0.005206] pid_max: default: 32768 minimum: 301
[    0.006015] Security Framework initialized
[    0.006616] Yama: becoming mindful.
[    0.008019] AppArmor: AppArmor initialized
[    0.008693] Dentry cache hash table entries: 65536 (order: 7, 524288 bytes)
[    0.009845] Inode-cache hash table entries: 32768 (order: 6, 262144 bytes)
[    0.010841] Mount-cache hash table entries: 1024 (order: 1, 8192 bytes)
[    0.012034] Mountpoint-cache hash table entries: 1024 (order: 1, 8192 bytes)
[    0.013563] process: using mwait in idle threads
[    0.014340] Last level iTLB entries: 4KB 0, 2MB 0, 4MB 0
[    0.015336] Last level dTLB entries: 4KB 0, 2MB 0, 4MB 0, 1GB 0
[    0.016028] Spectre V1 : Mitigation: usercopy/swapgs barriers and __user pointer sanitization
[    0.017986] Spectre V2 : Mitigation: Retpolines
[    0.019189] Spectre V2 : Spectre v2 / SpectreRSB mitigation: Filling RSB on context switch
[    0.020008] Spectre V2 : Spectre v2 / SpectreRSB : Filling RSB on VMEXIT
[    0.021895] Speculative Store Bypass: Vulnerable
[    0.024071] MDS: Mitigation: Clear CPU buffers
[    0.046050] Freeing SMP alternatives memory: 36K
[    0.159318] smpboot: CPU0: 11th Gen Intel(R) Core(TM) i5-11400H @ 2.70GHz (family: 0x6, model: 0x8d, stepping: 0x1)
[    0.160105] Performance Events: unsupported p6 CPU model 141 no PMU driver, software events only.
[    0.161584] Hierarchical SRCU implementation.
[    0.162947] NMI watchdog: Perf event create on CPU 0 failed with -2
[    0.164012] NMI watchdog: Perf NMI watchdog permanently disabled
[    0.165226] smp: Bringing up secondary CPUs ...
[    0.166255] smp: Brought up 1 node, 1 CPU
[    0.167071] smpboot: Max logical packages: 1
[    0.168006] smpboot: Total of 1 processors activated (5375.99 BogoMIPS)
[    0.169410] devtmpfs: initialized
[    0.170067] x86/mm: Memory block size: 128MB
[    0.170920] evm: security.selinux
[    0.171439] evm: security.SMACK64
[    0.172009] evm: security.SMACK64EXEC
[    0.172608] evm: security.SMACK64TRANSMUTE
[    0.173274] evm: security.SMACK64MMAP
[    0.173835] evm: security.apparmor
[    0.174357] evm: security.ima
[    0.175008] evm: security.capability
[    0.176236] clocksource: jiffies: mask: 0xffffffff max_cycles: 0xffffffff, max_idle_ns: 7645041785100000 ns
[    0.177989] futex hash table entries: 256 (order: 2, 16384 bytes)
[    0.178884] pinctrl core: initialized pinctrl subsystem
[    0.180117] RTC time:  1:47:46, date: 03/22/25
[    0.181659] NET: Registered protocol family 16
[    0.183278] audit: initializing netlink subsys (disabled)
[    0.184251] cpuidle: using governor ladder
[    0.184882] cpuidle: using governor menu
[    0.185728] ACPI: bus type PCI registered
[    0.186407] acpiphp: ACPI Hot Plug PCI Controller Driver version: 0.5
[    0.187449] PCI: Using configuration type 1 for base access
[    0.188034] audit: type=2000 audit(1742608072.441:1): state=initialized audit_enabled=0 res=1
[    0.190254] HugeTLB registered 2.00 MiB page size, pre-allocated 0 pages
[    0.192370] ACPI: Added _OSI(Module Device)
[    0.193350] ACPI: Added _OSI(Processor Device)
[    0.194008] ACPI: Added _OSI(3.0 _SCP Extensions)
[    0.194885] ACPI: Added _OSI(Processor Aggregator Device)
[    0.196033] ACPI: Added _OSI(Linux-Dell-Video)
[    0.196730] ACPI: Added _OSI(Linux-Lenovo-NV-HDMI-Audio)
[    0.197648] ACPI: Added _OSI(Linux-HPI-Hybrid-Graphics)
[    0.198858] ACPI: Executed 1 blocks of module-level executable AML code
[    0.204172] ACPI: Interpreter enabled
[    0.204795] ACPI: (supports S0 S5)
[    0.205544] ACPI: Using IOAPIC for interrupt routing
[    0.206524] PCI: Using host bridge windows from ACPI; if necessary, use "pci=nocrs" and report a bug
[    0.208000] ACPI: Enabled 2 GPEs in block 00 to 07
[    0.214059] ACPI: PCI Root Bridge [PCI0] (domain 0000 [bus 00-ff])
[    0.215486] acpi PNP0A03:00: _OSC: OS supports [ASPM ClockPM Segments MSI]
[    0.216459] acpi PNP0A03:00: _OSC: not requesting OS control; OS requires [ExtendedConfig ASPM ClockPM MSI]
[    0.217933] acpi PNP0A03:00: fail to add MMCONFIG information, can't access extended PCI configuration space under this bridge.
[    0.220361] PCI host bridge to bus 0000:00
[    0.220981] pci_bus 0000:00: root bus resource [io  0x0000-0x0cf7 window]
[    0.221960] pci_bus 0000:00: root bus resource [io  0x0d00-0xffff window]
[    0.222915] pci_bus 0000:00: root bus resource [mem 0x000a0000-0x000bffff window]
[    0.224004] pci_bus 0000:00: root bus resource [mem 0x20000000-0xfdffffff window]
[    0.225226] pci_bus 0000:00: root bus resource [bus 00-ff]
[    0.228866] pci 0000:00:01.1: legacy IDE quirk: reg 0x10: [io  0x01f0-0x01f7]
[    0.230487] pci 0000:00:01.1: legacy IDE quirk: reg 0x14: [io  0x03f6]
[    0.231760] pci 0000:00:01.1: legacy IDE quirk: reg 0x18: [io  0x0170-0x0177]
[    0.232011] pci 0000:00:01.1: legacy IDE quirk: reg 0x1c: [io  0x0376]
[    0.243494] pci 0000:00:07.0: quirk: [io  0x4000-0x403f] claimed by PIIX4 ACPI
[    0.244026] pci 0000:00:07.0: quirk: [io  0x4100-0x410f] claimed by PIIX4 SMB
[    0.252634] ACPI: PCI Interrupt Link [LNKA] (IRQs 5 9 10 *11)
[    0.253866] ACPI: PCI Interrupt Link [LNKB] (IRQs 5 9 *10 11)
[    0.254872] ACPI: PCI Interrupt Link [LNKC] (IRQs 5 *9 10 11)
[    0.255861] ACPI: PCI Interrupt Link [LNKD] (IRQs 5 9 10 *11)
[    0.256401] SCSI subsystem initialized
[    0.257120] pci 0000:00:02.0: vgaarb: setting as boot VGA device
[    0.258630] pci 0000:00:02.0: vgaarb: VGA device added: decodes=io+mem,owns=io+mem,locks=none
[    0.260010] pci 0000:00:02.0: vgaarb: bridge control possible
[    0.260872] vgaarb: loaded
[    0.261412] ACPI: bus type USB registered
[    0.262111] usbcore: registered new interface driver usbfs
[    0.262945] usbcore: registered new interface driver hub
[    0.264026] usbcore: registered new device driver usb
[    0.264975] EDAC MC: Ver: 3.0.0
[    0.265803] PCI: Using ACPI for IRQ routing
[    0.266980] NetLabel: Initializing
[    0.268005] NetLabel:  domain hash size = 128
[    0.268668] NetLabel:  protocols = UNLABELED CIPSOv4 CALIPSO
[    0.269505] NetLabel:  unlabeled traffic allowed by default
[    0.270492] clocksource: Switched to clocksource kvm-clock
[    0.316720] VFS: Disk quotas dquot_6.6.0
[    0.317514] VFS: Dquot-cache hash table entries: 512 (order 0, 4096 bytes)
[    0.318699] AppArmor: AppArmor Filesystem Enabled
[    0.319467] pnp: PnP ACPI init
[    0.321119] pnp: PnP ACPI: found 3 devices
[    0.327500] clocksource: acpi_pm: mask: 0xffffff max_cycles: 0xffffff, max_idle_ns: 2085701024 ns
[    0.329327] NET: Registered protocol family 2
[    0.330377] IP idents hash table entries: 8192 (order: 4, 65536 bytes)
[    0.331854] TCP established hash table entries: 4096 (order: 3, 32768 bytes)
[    0.333162] TCP bind hash table entries: 4096 (order: 4, 65536 bytes)
[    0.334439] TCP: Hash tables configured (established 4096 bind 4096)
[    0.335679] UDP hash table entries: 256 (order: 1, 8192 bytes)
[    0.336892] UDP-Lite hash table entries: 256 (order: 1, 8192 bytes)
[    0.337949] NET: Registered protocol family 1
[    0.338642] pci 0000:00:00.0: Limiting direct PCI/PCI transfers
[    0.339599] pci 0000:00:01.0: Activating ISA DMA hang workarounds
[    0.340698] pci 0000:00:02.0: Video device with shadowed ROM at [mem 0x000c0000-0x000dffff]
[    0.342674] Unpacking initramfs...
[    0.897477] Freeing initrd memory: 19528K
[    0.898270] clocksource: tsc: mask: 0xffffffffffffffff max_cycles: 0x26bef4a354e, max_idle_ns: 440795213564 ns
[    0.899720] platform rtc_cmos: registered platform RTC device (no PNP device found)
[    0.900929] Scanning for low memory corruption every 60 seconds
[    0.902223] Initialise system trusted keyrings
[    0.902896] Key type blacklist registered
[    0.903582] workingset: timestamp_bits=36 max_order=17 bucket_order=0
[    0.905266] zbud: loaded
[    0.906212] squashfs: version 4.0 (2009/01/31) Phillip Lougher
[    0.907466] fuse init (API version 7.26)
[    0.908676] Key type asymmetric registered
[    0.909347] Asymmetric key parser 'x509' registered
[    0.910115] Block layer SCSI generic (bsg) driver version 0.4 loaded (major 246)
[    0.912556] io scheduler noop registered
[    0.913407] io scheduler deadline registered
[    0.914089] io scheduler cfq registered (default)
[    0.915128] ACPI: AC Adapter [AC] (on-line)
[    0.915867] input: Power Button as /devices/LNXSYSTM:00/LNXPWRBN:00/input/input0
[    0.917123] ACPI: Power Button [PWRF]
[    0.917706] input: Sleep Button as /devices/LNXSYSTM:00/LNXSLPBN:00/input/input1
[    0.918715] ACPI: Sleep Button [SLPF]
[    0.920135] ACPI: Battery Slot [BAT0] (battery present)
[    0.921045] Serial: 8250/16550 driver, 32 ports, IRQ sharing enabled
[    0.942856] 00:02: ttyS0 at I/O 0x3f8 (irq = 4, base_baud = 115200) is a 16550A
[    0.947350] Linux agpgart interface v0.103
[    0.949280] loop: module loaded
[    0.950318] scsi host0: ata_piix
[    0.950853] scsi host1: ata_piix
[    0.951418] ata1: PATA max UDMA/33 cmd 0x1f0 ctl 0x3f6 bmdma 0xd000 irq 14
[    0.952521] ata2: PATA max UDMA/33 cmd 0x170 ctl 0x376 bmdma 0xd008 irq 15
[    0.954039] tun: Universal TUN/TAP device driver, 1.6
[    0.954818] PPP generic driver version 2.4.2
[    0.955511] ehci_hcd: USB 2.0 'Enhanced' Host Controller (EHCI) Driver
[    0.956745] ehci-pci: EHCI PCI platform driver
[    0.957677] ehci-platform: EHCI generic platform driver
[    0.958401] ohci_hcd: USB 1.1 'Open' Host Controller (OHCI) Driver
[    0.959261] ohci-pci: OHCI PCI platform driver
[    0.960468] ohci-platform: OHCI generic platform driver
[    0.961721] uhci_hcd: USB Universal Host Controller Interface driver
[    0.962778] i8042: PNP: PS/2 Controller [PNP0303:PS2K,PNP0f03:PS2M] at 0x60,0x64 irq 1,12
[    0.964588] serio: i8042 KBD port at 0x60,0x64 irq 1
[    0.965322] serio: i8042 AUX port at 0x60,0x64 irq 12
[    0.966100] mousedev: PS/2 mouse device common for all mice
[    0.967265] input: AT Translated Set 2 keyboard as /devices/platform/i8042/serio0/input/input2
[    0.968831] rtc_cmos rtc_cmos: rtc core: registered rtc_cmos as rtc0
[    0.969798] rtc_cmos rtc_cmos: alarms up to one day, 114 bytes nvram
[    0.970666] i2c /dev entries driver
[    0.971242] device-mapper: uevent: version 1.0.3
[    0.971944] device-mapper: ioctl: 4.37.0-ioctl (2017-09-20) initialised: dm-devel@redhat.com
[    0.973353] ledtrig-cpu: registered to indicate activity on CPUs
[    0.974588] NET: Registered protocol family 10
[    0.979670] Segment Routing with IPv6
[    0.980427] NET: Registered protocol family 17
[    0.981103] Key type dns_resolver registered
[    0.981812] mce: Using 0 MCE banks
[    0.982362] RAS: Correctable Errors collector initialized.
[    0.983117] sched_clock: Marking stable (980390327, 0)->(1126938107, -146547780)
[    0.984792] registered taskstats version 1
[    0.985426] Loading compiled-in X.509 certificates
[    0.988082] Loaded X.509 cert 'Build time autogenerated kernel key: b5b26778eaa3ab3a4a6cee031137706e947d12ad'
[    0.990032] Loaded X.509 cert 'Canonical Ltd. Live Patch Signing: 14df34d1a87cf37625abec039ef2bf521249b969'
[    0.991971] Loaded X.509 cert 'Canonical Ltd. Kernel Module Signing: 88f752e560a1e0737e31163a466ad7b70a850c19'
[    0.993669] blacklist: Loading compiled-in revocation X.509 certificates
[    0.994794] Loaded X.509 cert 'Canonical Ltd. Secure Boot Signing: 61482aa2830d0ab2ad5af10b7250da9033ddcef0'
[    0.996136] Loaded X.509 cert 'Canonical Ltd. Secure Boot Signing (2017): 242ade75ac4a15e50d50c84b0d45ff3eae707a03'
[    0.997501] Loaded X.509 cert 'Canonical Ltd. Secure Boot Signing (ESM 2018): 365188c1d374d6b07c3c8f240f8ef722433d6a8b'
[    0.999043] Loaded X.509 cert 'Canonical Ltd. Secure Boot Signing (2019): c0746fd6c5da3ae827864651ad66ae47fe24b3e8'
[    1.000826] Loaded X.509 cert 'Canonical Ltd. Secure Boot Signing (2021 v1): a8d54bbb3825cfb94fa13c9f8a594a195c107b8d'
[    1.002366] Loaded X.509 cert 'Canonical Ltd. Secure Boot Signing (2021 v2): 4cf046892d6fd3c9a5b03f98d845f90851dc6a8c'
[    1.003909] Loaded X.509 cert 'Canonical Ltd. Secure Boot Signing (2021 v3): 100437bb6de6e469b581e61cd66bce3ef4ed53af'
[    1.005465] Loaded X.509 cert 'Canonical Ltd. Secure Boot Signing (Ubuntu Core 2019): c1d57b8f6b743f23ee41f4f7ee292f06eecadfb9'
[    1.007656] zswap: loaded using pool lzo/zbud
[    1.011016] Key type big_key registered
[    1.011802] Key type trusted registered
[    1.014560] Key type encrypted registered
[    1.015345] AppArmor: AppArmor sha1 policy hashing enabled
[    1.016162] ima: No TPM chip found, activating TPM-bypass! (rc=-19)
[    1.017164] ima: Allocated hash algorithm: sha1
[    1.017949] evm: HMAC attrs: 0x1
[    1.018849]   Magic number: 1:972:761
[    1.019490] rtc_cmos rtc_cmos: setting system clock to 2025-03-22 01:47:47 UTC (1742608067)
[    1.020778] BIOS EDD facility v0.16 2004-Jun-25, 0 devices found
[    1.021632] EDD information not available.
[    1.136906] Freeing unused kernel image memory: 2480K
[    1.145045] Write protecting the kernel read-only data: 20480k
[    1.146931] Freeing unused kernel image memory: 2008K
[    1.148288] Freeing unused kernel image memory: 1820K
[    1.153638] x86/mm: Checked W+X mappings: passed, no W+X pages found.
[    1.154537] x86/mm: Checking user space page tables
[    1.159275] x86/mm: Checked W+X mappings: passed, no W+X pages found.
Loading, please wait...
starting version 237
[    1.265912] e1000: Intel(R) PRO/1000 Network Driver - version 7.3.21-k8-NAPI
[    1.267028] e1000: Copyright (c) 1999-2006 Intel Corporation.
[    1.271297] Fusion MPT base driver 3.04.20
[    1.271927] Copyright (c) 1999-2008 LSI Corporation
[    1.290387] Fusion MPT SPI Host driver 3.04.20
[    1.293444] AVX2 version of gcm_enc/dec engaged.
[    1.294293] AES CTR mode by8 optimization enabled
[    1.483445] input: ImExPS/2 Generic Explorer Mouse as /devices/platform/i8042/serio1/input/input4
[    1.664841] e1000 0000:00:03.0 eth0: (PCI:33MHz:32-bit) 02:3b:7b:b7:3b:2d
[    1.665786] e1000 0000:00:03.0 eth0: Intel(R) PRO/1000 Network Connection
[    1.667520] mptbase: ioc0: Initiating bringup
[    1.772417] ioc0: LSI53C1030 A0: Capabilities={Initiator}
[    2.014213] scsi host2: ioc0: LSI53C1030 A0, FwRev=00000000h, Ports=1, MaxQ=256, IRQ=20
[    2.185516] scsi 2:0:0:0: Direct-Access     VBOX     HARDDISK         1.0  PQ: 0 ANSI: 5
[    2.187212] scsi target2:0:0: Beginning Domain Validation
[    2.190916] scsi target2:0:0: Domain Validation skipping write tests
[    2.192154] scsi target2:0:0: Ending Domain Validation
[    2.193533] scsi target2:0:0: asynchronous
[    2.196792] scsi 2:0:1:0: Direct-Access     VBOX     HARDDISK         1.0  PQ: 0 ANSI: 5
[    2.198541] scsi target2:0:1: Beginning Domain Validation
[    2.202212] scsi target2:0:1: Domain Validation skipping write tests
[    2.203346] scsi target2:0:1: Ending Domain Validation
[    2.204218] scsi target2:0:1: asynchronous
[    2.211814] sd 2:0:0:0: Attached scsi generic sg0 type 0
[    2.213024] sd 2:0:0:0: [sda] 83886080 512-byte logical blocks: (42.9 GB/40.0 GiB)
[    2.215584] sd 2:0:0:0: [sda] Write Protect is off
[    2.217699] sd 2:0:0:0: [sda] Incomplete mode parameter data
[    2.218818] sd 2:0:0:0: [sda] Assuming drive cache: write through
[    2.220005] sd 2:0:1:0: [sdb] 20480 512-byte logical blocks: (10.5 MB/10.0 MiB)
[    2.221187] sd 2:0:1:0: Attached scsi generic sg1 type 0
[    2.222038] sd 2:0:1:0: [sdb] Write Protect is off
[    2.223141] sd 2:0:1:0: [sdb] Incomplete mode parameter data
[    2.224672] sd 2:0:1:0: [sdb] Assuming drive cache: write through
[    2.240752]  sda: sda1
[    2.242782] sd 2:0:0:0: [sda] Attached SCSI disk
[    2.249651] sd 2:0:1:0: [sdb] Attached SCSI disk
[    2.612862] e1000 0000:00:08.0 eth1: (PCI:33MHz:32-bit) 08:00:27:aa:ba:82
[    2.614797] e1000 0000:00:08.0 eth1: Intel(R) PRO/1000 Network Connection
[    2.617149] e1000 0000:00:08.0 enp0s8: renamed from eth1
[    2.619522] e1000 0000:00:03.0 enp0s3: renamed from eth0
Begin: Loading essential drivers ... [    4.088053] raid6: sse2x1   gen() 12252 MB/s
[    4.136041] raid6: sse2x1   xor()  8456 MB/s
[    4.184098] raid6: sse2x2   gen() 15331 MB/s
[    4.232041] raid6: sse2x2   xor() 12104 MB/s
[    4.280105] raid6: sse2x4   gen() 18268 MB/s
[    4.328049] raid6: sse2x4   xor()  9614 MB/s
[    4.376060] raid6: avx2x1   gen() 25973 MB/s
[    4.424035] raid6: avx2x1   xor() 18433 MB/s
[    4.472042] raid6: avx2x2   gen() 33359 MB/s
[    4.520701] raid6: avx2x2   xor() 19467 MB/s
[    4.568073] raid6: avx2x4   gen() 27414 MB/s
[    4.616086] raid6: avx2x4   xor() 15126 MB/s
[    4.617071] raid6: using algorithm avx2x2 gen() 33359 MB/s
[    4.617775] raid6: .... xor() 19467 MB/s, rmw enabled
[    4.618493] raid6: using avx2x2 recovery algorithm
[    4.621047] xor: automatically using best checksumming function   avx       
[    4.623440] async_tx: api initialized (async)
done.
Begin: Running /scripts/init-premount ... done.
Begin: Mounting root file system ... Begin: Running /scripts/local-top ... done.
Begin: Running /scripts/local-premount ... [    4.674362] Btrfs loaded, crc32c=crc32c-intel
Scanning for Btrfs filesystems
done.
Warning: fsck not present, so skipping root file system
[    4.702542] EXT4-fs (sda1): mounted filesystem with ordered data mode. Opts: (null)
done.
Begin: Running /scripts/local-bottom ... done.
Begin: Running /scripts/init-bottom ... done.
[    4.874827] ip_tables: (C) 2000-2006 Netfilter Core Team
[    4.886116] systemd[1]: systemd 237 running in system mode. (+PAM +AUDIT +SELINUX +IMA +APPARMOR +SMACK +SYSVINIT +UTMP +LIBCRYPTSETUP +GCRYPT +GNUTLS +ACL +XZ +LZ4 +SECCOMP +BLKID +ELFUTILS +KMOD -IDN2 +IDN -PCRE2 default-hierarchy=hybrid)
[    4.888840] systemd[1]: Detected virtualization oracle.
[    4.889532] systemd[1]: Detected architecture x86-64.

Welcome to [1mUbuntu 18.04.6 LTS[0m!

[    4.893240] systemd[1]: Set hostname to <ubuntu>.
[    4.896937] systemd[1]: Initializing machine ID from random generator.
[    4.897943] systemd[1]: Installed transient /etc/machine-id file.
[    5.137975] systemd[1]: Reached target User and Group Name Lookups.
[[0;32m  OK  [0m] Reached target User and Group Name Lookups.
[    5.139486] systemd[1]: Reached target Swap.
[[0;32m  OK  [0m] Reached target Swap.
[    5.141756] systemd[1]: Created slice System Slice.
[[0;32m  OK  [0m] Created slice System Slice.
[    5.143564] systemd[1]: Listening on /dev/initctl Compatibility Named Pipe.
[[0;32m  OK  [0m] Listening on /dev/initctl Compatibility Named Pipe.
[[0;32m  OK  [0m] Listening on Journal Socket.
         Starting Set the console keyboard layout...
         Mounting Huge Pages File System...
         Starting Load Kernel Modules...
[[0;32m  OK  [0m] Listening on udev Control Socket.
[[0;32m  OK  [0m] Set up automount Arbitrary Executab…rmats File System Automount Point.
         Starting Create list of required st…ce nodes for the current kernel...
         Starting Uncomplicated firewall...
[[0;32m  OK  [0m] Listening on fsck to fsckd communication Socket.
[[0;32m  OK  [0m] Listening on udev Kernel Socket.
[[0;32m  OK  [0m] Created slice system-serial\x2dgetty.slice.
[    5.189682] Loading iSCSI transport class v2.0-870.
[[0;32m  OK  [0m] Created slice User and Session Slice.
[    5.198171] iscsi: registered transport (tcp)
[[0;32m  OK  [0m] Reached target Mounting snaps.
[[0;32m  OK  [0m] Reached target System Time Synchronized.
[[0;32m  OK  [0m] Started Forward Password Requests to Wall Directory Watch.
[[0;32m  OK  [0m] Listening on LVM2 metadata daemon socket.
[[0;32m  OK  [0m] Listening on Syslog Socket.
[[0;32m  OK  [0m] Listening on Journal Socket (/dev/log).
         Starting File System Check on Root Device...
[[0;32m  OK  [0m] Listening on Device-mapper event daemon FIFOs.
         Starting Monitoring of LVM2 mirrors…ng dmeventd or progress polling...
[[0;32m  OK  [0m] Reached target Slices.
[[0;32m  OK  [0m] Reached target Mounted snaps.
[[0;32m  OK  [0m] Listening on Network Service Netlink Socket.
[[0;32m  OK  [0m] Listening on Journal Audit Socket.
[    5.237029] iscsi: registered transport (iser)
         Mounting Kernel Debug File System...
         Starting Journal Service...
         Mounting POSIX Message Queue File System...
         Starting udev Coldplug all Devices...
[[0;32m  OK  [0m] Listening on LVM2 poll daemon socket.
[[0;32m  OK  [0m] Mounted Huge Pages File System.
[[0;32m  OK  [0m] Started Load Kernel Modules.
[[0;32m  OK  [0m] Started Create list of required sta…vice nodes for the current kernel.
[[0;32m  OK  [0m] Started Uncomplicated firewall.
[[0;32m  OK  [0m] Mounted Kernel Debug File System.
[[0;32m  OK  [0m] Mounted POSIX Message Queue File System.
[[0;32m  OK  [0m] Started LVM2 metadata daemon.
[[0;32m  OK  [0m] Started File System Check Daemon to report status.
         Starting Create Static Device Nodes in /dev...
         Mounting Kernel Configuration File System...
         Mounting FUSE Control File System...
         Starting Apply Kernel Variables...
[[0;32m  OK  [0m] Mounted Kernel Configuration File System.
[[0;32m  OK  [0m] Mounted FUSE Control File System.
[[0;32m  OK  [0m] Started Journal Service.
[[0;32m  OK  [0m] Started Create Static Device Nodes in /dev.
[[0;32m  OK  [0m] Started Monitoring of LVM2 mirrors,…sing dmeventd or progress polling.
[[0;32m  OK  [0m] Started Apply Kernel Variables.
[[0;32m  OK  [0m] Started File System Check on Root Device.
         Starting Remount Root and Kernel File Systems...
[[0;32m  OK  [0m] Started udev Coldplug all Devices.
[[0;32m  OK  [0m] Started Remount Root and Kernel File Systems.
         Starting Load/Save Random Seed...
         Starting udev Kernel Device Manager...
         Starting Flush Journal to Persistent Storage...
[[0;32m  OK  [0m] Started Load/Save Random Seed.
[[0;32m  OK  [0m] Started udev Kernel Device Manager.
[[0;32m  OK  [0m] Started Flush Journal to Persistent Storage.
[[0;32m  OK  [0m] Found device /dev/ttyS0.
[[0;32m  OK  [0m] Listening on Load/Save RF Kill Switch Status /dev/rfkill Watch.
         Mounting Arbitrary Executable File Formats File System...
[[0;32m  OK  [0m] Mounted Arbitrary Executable File Formats File System.
[[0;32m  OK  [0m] Started Set the console keyboard layout.
[[0;32m  OK  [0m] Started Dispatch Password Requests to Console Directory Watch.
[[0;32m  OK  [0m] Reached target Local Encrypted Volumes.
[[0;32m  OK  [0m] Reached target Local File Systems (Pre).
[[0;32m  OK  [0m] Reached target Local File Systems.
         Starting ebtables ruleset management...
         Starting Commit a transient machine-id on disk...
         Starting Create Volatile Files and Directories...
         Starting Tell Plymouth To Write Out Runtime Data...
         Starting Set console font and keymap...
         Starting AppArmor initialization...
[[0;32m  OK  [0m] Started Tell Plymouth To Write Out Runtime Data.
[[0;32m  OK  [0m] Started Commit a transient machine-id on disk.
[[0;32m  OK  [0m] Started Create Volatile Files and Directories.
         Starting Update UTMP about System Boot/Shutdown...
[[0;32m  OK  [0m] Started Update UTMP about System Boot/Shutdown.
[[0;32m  OK  [0m] Started ebtables ruleset management.
[[0;32m  OK  [0m] Started AppArmor initialization.
         Starting Load AppArmor profiles managed internally by snapd...
         Starting Initial cloud-init job (pre-networking)...
[[0;32m  OK  [0m] Started Load AppArmor profiles managed internally by snapd.
[[0;32m  OK  [0m] Started Set console font and keymap.
[   10.566501] cloud-init[634]: Cloud-init v. 23.1.2-0ubuntu0~18.04.1 running 'init-local' at Sat, 22 Mar 2025 01:47:56 +0000. Up 10.19 seconds.
[[0;32m  OK  [0m] Started Initial cloud-init job (pre-networking).
[[0;32m  OK  [0m] Reached target Network (Pre).
         Starting Network Service...
[[0;32m  OK  [0m] Started Network Service.
         Starting Wait for Network to be Configured...
         Starting Network Name Resolution...
[[0;32m  OK  [0m] Started Network Name Resolution.
[[0;32m  OK  [0m] Reached target Network.
[[0;32m  OK  [0m] Reached target Host and Network Name Lookups.
[[0;32m  OK  [0m] Started Wait for Network to be Configured.
         Starting Initial cloud-init job (metadata service crawler)...
[   12.750714] cloud-init[886]: Cloud-init v. 23.1.2-0ubuntu0~18.04.1 running 'init' at Sat, 22 Mar 2025 01:47:59 +0000. Up 12.58 seconds.
[   12.753139] cloud-init[886]: ci-info: ++++++++++++++++++++++++++++++++++++++Net device info+++++++++++++++++++++++++++++++++++++++
[   12.754871] cloud-init[886]: ci-info: +--------+-------+----------------------------+---------------+--------+-------------------+
[   12.756112] cloud-init[886]: ci-info: | Device |   Up  |          Address           |      Mask     | Scope  |     Hw-Address    |
[   12.757994] cloud-init[886]: ci-info: +--------+-------+----------------------------+---------------+--------+-------------------+
[   12.760186] cloud-init[886]: ci-info: | enp0s3 |  True |         10.0.2.15          | 255.255.255.0 | global | 02:3b:7b:b7:3b:2d |
[   12.764646] cloud-init[886]: ci-info: | enp0s3 |  True | fd00::3b:7bff:feb7:3b2d/64 |       .       | global | 02:3b:7b:b7:3b:2d |
[   12.766267] cloud-init[886]: ci-info: | enp0s3 |  True | fe80::3b:7bff:feb7:3b2d/64 |       .       |  link  | 02:3b:7b:b7:3b:2d |
[   12.768347] cloud-init[886]: ci-info: | enp0s8 | False |             .              |       .       |   .    | 08:00:27:aa:ba:82 |
[   12.769524] cloud-init[886]: ci-info: |   lo   |  True |         127.0.0.1          |   255.0.0.0   |  host  |         .         |
[   12.771894] cloud-init[886]: ci-info: |   lo   |  True |          ::1/128           |       .       |  host  |         .         |
[   12.785119] cloud-init[886]: ci-info: +--------+-------+----------------------------+---------------+--------+-------------------+
[   12.786816] cloud-init[886]: ci-info: ++++++++++++++++++++++++++++Route IPv4 info+++++++++++++++++++++++++++++
[   12.788030] cloud-init[886]: ci-info: +-------+-------------+----------+-----------------+-----------+-------+
[   12.792273] cloud-init[886]: ci-info: | Route | Destination | Gateway  |     Genmask     | Interface | Flags |
[   12.793551] cloud-init[886]: ci-info: +-------+-------------+----------+-----------------+-----------+-------+
[   12.796215] cloud-init[886]: ci-info: |   0   |   0.0.0.0   | 10.0.2.2 |     0.0.0.0     |   enp0s3  |   UG  |
[   12.797142] cloud-init[886]: ci-info: |   1   |   10.0.2.0  | 0.0.0.0  |  255.255.255.0  |   enp0s3  |   U   |
[   12.800932] cloud-init[886]: ci-info: |   2   |   10.0.2.2  | 0.0.0.0  | 255.255.255.255 |   enp0s3  |   UH  |
[   12.804436] cloud-init[886]: ci-info: +-------+-------------+----------+-----------------+-----------+-------+
[   12.808297] cloud-init[886]: ci-info: +++++++++++++++++++Route IPv6 info+++++++++++++++++++
[   12.809326] cloud-init[886]: ci-info: +-------+-------------+---------+-----------+-------+
[   12.810200] cloud-init[886]: ci-info: | Route | Destination | Gateway | Interface | Flags |
[   12.812247] cloud-init[886]: ci-info: +-------+-------------+---------+-----------+-------+
[   12.814054] cloud-init[886]: ci-info: |   1   |  fd00::/64  |    ::   |   enp0s3  |   U   |
[   12.818419] cloud-init[886]: ci-info: |   2   |  fe80::/64  |    ::   |   enp0s3  |   U   |
[   12.820271] cloud-init[886]: ci-info: |   3   |     ::/0    | fe80::2 |   enp0s3  |   UG  |
[   12.823505] cloud-init[886]: ci-info: |   5   |    local    |    ::   |   enp0s3  |   U   |
[   12.824855] cloud-init[886]: ci-info: |   6   |   ff00::/8  |    ::   |   enp0s3  |   U   |
[   12.828381] cloud-init[886]: ci-info: +-------+-------------+---------+-----------+-------+
[   13.427237] cloud-init[886]: Generating public/private rsa key pair.
[   13.428670] cloud-init[886]: Your identification has been saved in /etc/ssh/ssh_host_rsa_key.
[   13.429390] cloud-init[886]: Your public key has been saved in /etc/ssh/ssh_host_rsa_key.pub.
[   13.430235] cloud-init[886]: The key fingerprint is:
[   13.440255] cloud-init[886]: SHA256:TY5Mpe5o9+MFewAAs3CtFdEJrvg0GeEm37NGAUhsv1U root@ubuntu-bionic
[   13.441085] cloud-init[886]: The key's randomart image is:
[   13.441788] cloud-init[886]: +---[RSA 2048]----+
[   13.452658] cloud-init[886]: | oo.*o== ..      |
[   13.453384] cloud-init[886]: |  ++ *o.Eo       |
[   13.453903] cloud-init[886]: | ...=oo.+ .      |
[   13.454409] cloud-init[886]: |   =o=.= *       |
[   13.454894] cloud-init[886]: |  . *o+ S =      |
[   13.455402] cloud-init[886]: |   o.o =   +     |
[   13.456080] cloud-init[886]: |    . = o . o    |
[   13.460229] cloud-init[886]: |     o . ..o     |
[   13.460718] cloud-init[886]: |         .o.     |
[   13.472323] cloud-init[886]: +----[SHA256]-----+
[   13.472853] cloud-init[886]: Generating public/private dsa key pair.
[   13.473453] cloud-init[886]: Your identification has been saved in /etc/ssh/ssh_host_dsa_key.
[   13.474392] cloud-init[886]: Your public key has been saved in /etc/ssh/ssh_host_dsa_key.pub.
[   13.475280] cloud-init[886]: The key fingerprint is:
[   13.476152] cloud-init[886]: SHA256:G8C1eB1eEp57vloM5xEh7HGx5yO9YikBZkH4phqWgFI root@ubuntu-bionic
[   13.480200] cloud-init[886]: The key's randomart image is:
[   13.481074] cloud-init[886]: +---[DSA 1024]----+
[   13.481583] cloud-init[886]: |       o+.=.+.   |
[   13.492462] cloud-init[886]: |  E  ..o *o*.o   |
[   13.492948] cloud-init[886]: | o    +.*.=oo .  |
[   13.493586] cloud-init[886]: |o .    =o... =   |
[   13.504340] cloud-init[886]: |.  . . oS + = +  |
[   13.505378] cloud-init[886]: |    + .  o O + o |
[   13.505906] cloud-init[886]: |   . o  . . O .  |
[   13.516444] cloud-init[886]: |    .      + o   |
[   13.528901] cloud-init[886]: |          ...    |
[   13.529730] cloud-init[886]: +----[SHA256]-----+
[   13.530226] cloud-init[886]: Generating public/private ecdsa key pair.
[   13.530895] cloud-init[886]: Your identification has been saved in /etc/ssh/ssh_host_ecdsa_key.
[   13.531969] cloud-init[886]: Your public key has been saved in /etc/ssh/ssh_host_ecdsa_key.pub.
[   13.534721] cloud-init[886]: The key fingerprint is:
[   13.535385] cloud-init[886]: SHA256:6QoA3qdvME1bw6ysyLHKPQ6c4z/gFAK7intxkP0NaMQ root@ubuntu-bionic
[   13.536473] cloud-init[886]: The key's randomart image is:
[[0;32m  OK  [0m] Started Initial cloud-init job (metadata service crawler).
[[0;32m  OK  [0m] Reached target Cloud-config availability.
[[0;32m  OK  [0m] Reached target Network is Online.
[   13.540727] cloud-init[886]: +---[ECDSA 256]---+
[   13.541471] cloud-init[886]: |   .             |
[   13.542052] cloud-init[886]: |.   E            |         Starting Availability of block devices...
[[0;32m  OK  [0m] Reached target Remote File Systems (Pre).
[   13.544831] cloud-init[886]: |o. + .o          |
[   13.545573] cloud-init[886]: |+o+ +..= .       |
[   13.546242] cloud-init[886]: |.oo++o+oS        |
[   13.546861] cloud-init[886]: |o+o++=...        |
[   13.547482] cloud-init[886]: |*==+=   .        |

[[0;32m  OK  [0m] Reached target Remote File Systems.
[[0;32m  OK  [0m] Reached target System Initialization.
[[0;32m  OK  [0m] Started ACPI Events Check.
[[0;32m  OK  [0m] Listening on cloud-init hotplug hook socket.
[[0;32m  OK  [0m] Started Message of the Day.
[[0;32m  OK  [0m] Listening on UUID daemon activation socket.
         Starting Socket activation for snappy daemon.
[[0;32m  OK  [0m] Started Ubuntu Advantage Timer for running repeated jobs.
[[0;32m  OK  [0m] Reached target Paths.
[[0;32m  OK  [0m] Listening on D-Bus System Message Bus Socket.
[[0;32m  OK  [0m] Listening on ACPID Listen Socket.
[[0;32m  OK  [0m] Started Discard unused blocks once a week.
[[0;32m  OK  [0m] Started Daily apt download activities.
[   13.560179] cloud-init[886]: |===+.o .         |
[[0;32m  OK  [0m] Started Daily apt upgrade and clean activities.
[   13.575159] cloud-init[886]: |+=o++..          |
[   13.575964] cloud-init         Starting LXD - unix socket.
[[0;32m  OK  [0m] Started Daily Cleanup of Temporary Directories.
[[0;32m  OK  [0m] Reached target Timers.
[[0;32m  OK  [0m] Listening on Open-iSCSI iscsid Socket.[886]: +----[SHA256]-----+
[   13.580789] cloud-init[886]: Generating public/private ed25519 key pair.
[   13.581370] cloud-init[886]: Your identification has been saved in /etc/ssh/ssh_host_ed25519_key.
[   13.582607] cloud-init[886]: Your public key has been saved in /etc/ssh/ssh_host_ed25519_key.pub.
[   13.583041] cloud-init[886]: The key fingerprint is:

[[0;32m  OK  [0m] Started Availability of block devices.
[[0;32m  OK  [0m] Listening on Socket activation for snappy daemon.
[[0;32m  OK  [0m] Listening on LXD - unix socket.
[[0;32m  OK  [0m] Reached target Sockets.
[[0;32m  OK  [0m] Reached target Basic System.
[   13.583817] cloud-init[886]: SHA256:Uwvu3ApwweD/u2fQR8+KLSSiWKAAeztsOIA4y0oy5tw root@ubuntu-bionic
         Starting Permit User Sessions...
[   13.605663] cloud-init[886]: The key's randomart image is:
[   13.607769] cloud-init[[0;32m  OK  [0m] Started irqbalance daemon.
[886]: +--[ED25519 256]--+
[   13.613678] cloud-init[886]: |    .            |
[   13.614279] cloud-init[886]: |.  . o           |
[   13.615260] [[0;32m  OK  [0m] Started Regular background program processing daemon.
         Starting Snap Daemon...
cloud-init[886]: |+.  . o . .      |
[   13.624485] cloud-init[886]: |B o  . o o ..    |
         Starting Login Service...
[   13.627093] cloud-init[886]: |+B o. o S... o   |
[[0;32m  OK  [0m] Started Deferred execution scheduler.
[   13.641392] cloud-init[886]: |B+= .o.+ooo . o  |
[   13.656400] cloud-init[886]: |B+.+ ...++.+ .   |
[   13.657256] cloud-init[886]: |.o.E.  . o= o    |
[   13.657789] cloud-init[886]: |        ++ .     |
[   13.658626] cloud-init[886]: +----[SHA256]-----+
         Starting Pollinate to seed the pseudo random number generator...
[[0;32m  OK  [0m] Reached target Login Prompts (Pre).
         Starting System Logging Service...
[[0;32m  OK  [0m] Started FUSE filesystem for LXC.
         Starting Accounts Service...
         Starting LXD - container startup/shutdown...
         Starting LSB: Record successful boot for GRUB...
         Starting LSB: automatic crash report generation...
[[0;32m  OK  [0m] Started D-Bus System Message Bus.
[[0;32m  OK  [0m] Started Login Service.
[[0;32m  OK  [0m] Started Unattended Upgrades Shutdown.
         Starting Dispatcher daemon for systemd-networkd...
         Starting Virtualbox guest utils...
[[0;32m  OK  [0m] Started System Logging Service.
[[0;32m  OK  [0m] Started Permit User Sessions.
[[0;32m  OK  [0m] Started LSB: automatic crash report generation.
         Starting Authorization Manager...
         Starting Hostname Service...
         Starting Terminate Plymouth Boot Screen...
         Starting Hold until boot process finishes up...
[[0;32m  OK  [0m] Started LSB: Record successful boot for GRUB.
[[0;32m  OK  [0m] Started Hold until boot process finishes up.
         Starting Set console scheme...
[[0;32m  OK  [0m] Started Serial Getty on ttyS0.
[[0;32m  OK  [0m] Started Terminate Plymouth Boot Screen.
[[0;32m  OK  [0m] Started LXD - container startup/shutdown.
[[0;32m  OK  [0m] Started Set console scheme.
[[0;32m  OK  [0m] Created slice system-getty.slice.
[[0;32m  OK  [0m] Started Getty on tty1.
[[0;32m  OK  [0m] Reached target Login Prompts.
[[0;32m  OK  [0m] Started Authorization Manager.
[[0;32m  OK  [0m] Started Accounts Service.
[[0;32m  OK  [0m] Started Hostname Service.
[[0;32m  OK  [0m] Started Virtualbox guest utils.
[[0;32m  OK  [0m] Started Snap Daemon.
         Starting Wait until snapd is fully seeded...
[[0;32m  OK  [0m] Started Dispatcher daemon for systemd-networkd.
[[0;32m  OK  [0m] Started Pollinate to seed the pseudo random number generator.
         Starting OpenBSD Secure Shell server...
[[0;32m  OK  [0m] Started OpenBSD Secure Shell server.
[[0;32m  OK  [0m] Created slice User Slice of vagrant.
         Starting Time & Date Service...
         Starting User Manager for UID 1000...
[[0;32m  OK  [0m] Started Session 1 of user vagrant.
[[0;32m  OK  [0m] Started Time & Date Service.
[[0;32m  OK  [0m] Started User Manager for UID 1000.

Ubuntu 18.04.6 LTS ubuntu-bionic ttyS0

ubuntu-bionic login: [   21.922546] cloud-init[1550]: Cloud-init v. 23.1.2-0ubuntu0~18.04.1 running 'modules:config' at Sat, 22 Mar 2025 01:48:07 +0000. Up 21.49 seconds.
ci-info: no authorized SSH keys fingerprints found for user ubuntu.
<14>Mar 22 01:48:09 cloud-init: #############################################################
<14>Mar 22 01:48:09 cloud-init: -----BEGIN SSH HOST KEY FINGERPRINTS-----
<14>Mar 22 01:48:09 cloud-init: 1024 SHA256:G8C1eB1eEp57vloM5xEh7HGx5yO9YikBZkH4phqWgFI root@ubuntu-bionic (DSA)
<14>Mar 22 01:48:09 cloud-init: 256 SHA256:6QoA3qdvME1bw6ysyLHKPQ6c4z/gFAK7intxkP0NaMQ root@ubuntu-bionic (ECDSA)
<14>Mar 22 01:48:09 cloud-init: 256 SHA256:Uwvu3ApwweD/u2fQR8+KLSSiWKAAeztsOIA4y0oy5tw root@ubuntu-bionic (ED25519)
<14>Mar 22 01:48:09 cloud-init: 2048 SHA256:TY5Mpe5o9+MFewAAs3CtFdEJrvg0GeEm37NGAUhsv1U root@ubuntu-bionic (RSA)
<14>Mar 22 01:48:09 cloud-init: -----END SSH HOST KEY FINGERPRINTS-----
<14>Mar 22 01:48:09 cloud-init: #############################################################
-----BEGIN SSH HOST KEY KEYS-----
ecdsa-sha2-nistp256 AAAAE2VjZHNhLXNoYTItbmlzdHAyNTYAAAAIbmlzdHAyNTYAAABBBBffTaxhzLavjjZ0DOcm7J8dJiRyAwjeqWdgDuerJ/mxhi34PV6lvFzlVi6H1KB6dlkjnCs6iT5SdxdYlrK1rBI= root@ubuntu-bionic
ssh-ed25519 AAAAC3NzaC1lZDI1NTE5AAAAILpePnpNr1Qiy/KlEbLTjeIldXUoRZ/XYcacd+0Cp//r root@ubuntu-bionic
ssh-rsa AAAAB3NzaC1yc2EAAAADAQABAAABAQCyuVH7KQC8KcF9Paq1lx/YkJoV7TVHbQI5x50ycE4GxCmG7W/lOabnXZ3zTyTeg9Upy5uTdR7X/m8N5bpjQpJ+u1zXOCp0+vYfoX/r3IcV67NIo9x8EbnFtOb2BcKCrNApMwe6/0pJ7TF/0a8EWa/tgQuaFmdvT4/0aU2x2iQHTd/5lhr/MnyRSKhrlJw2/Krl8/J9iG1Xe8ZDDZDfoRjyrXmbw+siLUsOjStntHL1EiwOT9/tB3qdAtrainY6N0BuTihnQBQsywhn7cExgyZX/jDhPI0bQU/brHyOr2Kx47sSdFATEDyE8WS/TTk0zyLyro3kjJeFKSj/CFIlVhLv root@ubuntu-bionic
-----END SSH HOST KEY KEYS-----
[   22.878829] cloud-init[1604]: Cloud-init v. 23.1.2-0ubuntu0~18.04.1 running 'modules:final' at Sat, 22 Mar 2025 01:48:09 +0000. Up 22.64 seconds.
[   22.879973] cloud-init[1604]: Cloud-init v. 23.1.2-0ubuntu0~18.04.1 finished at Sat, 22 Mar 2025 01:48:09 +0000. Datasource DataSourceNoCloud [seed=/dev/sdb][dsmode=net].  Up 22.86 seconds
